  Application.cpp
C:\Program Files (x86)\Windows Kits\10\Include\10.0.19041.0\ucrt\corecrt_math_defines.h(28,1): warning C4005: 'M_PI': redefinición de macro
D:\GitHub\Red_Engine\Red_Engine\SDL\include\SDL_stdinc.h(619,1): message : vea la definición anterior de 'M_PI'
  Color.cpp
  glmath.cpp
D:\GitHub\Red_Engine\Red_Engine\glmath.cpp(12,13): warning C4244: 'return': conversión de 'double' a 'float'; posible pérdida de datos
D:\GitHub\Red_Engine\Red_Engine\glmath.cpp(27,17): warning C4244: 'argumento': conversión de 'double' a 'float'; posible pérdida de datos
D:\GitHub\Red_Engine\Red_Engine\glmath.cpp(43,34): warning C4244: 'argumento': conversión de 'double' a 'float'; posible pérdida de datos
D:\GitHub\Red_Engine\Red_Engine\glmath.cpp(53,10): warning C4244: 'inicializando': conversión de 'double' a 'float'; posible pérdida de datos
D:\GitHub\Red_Engine\Red_Engine\glmath.cpp(53,26): warning C4244: 'inicializando': conversión de 'double' a 'float'; posible pérdida de datos
D:\GitHub\Red_Engine\Red_Engine\glmath.cpp(72,13): warning C4244: 'return': conversión de 'double' a 'float'; posible pérdida de datos
D:\GitHub\Red_Engine\Red_Engine\glmath.cpp(87,17): warning C4244: 'argumento': conversión de 'double' a 'float'; posible pérdida de datos
D:\GitHub\Red_Engine\Red_Engine\glmath.cpp(103,34): warning C4244: 'argumento': conversión de 'double' a 'float'; posible pérdida de datos
D:\GitHub\Red_Engine\Red_Engine\glmath.cpp(600,13): warning C4244: 'inicializando': conversión de 'double' a 'float'; posible pérdida de datos
D:\GitHub\Red_Engine\Red_Engine\glmath.cpp(618,10): warning C4244: 'inicializando': conversión de 'double' a 'float'; posible pérdida de datos
D:\GitHub\Red_Engine\Red_Engine\glmath.cpp(618,33): warning C4244: 'inicializando': conversión de 'double' a 'float'; posible pérdida de datos
D:\GitHub\Red_Engine\Red_Engine\glmath.cpp(758,13): warning C4244: 'inicializando': conversión de 'double' a 'float'; posible pérdida de datos
D:\GitHub\Red_Engine\Red_Engine\glmath.cpp(778,10): warning C4244: 'inicializando': conversión de 'double' a 'float'; posible pérdida de datos
D:\GitHub\Red_Engine\Red_Engine\glmath.cpp(778,33): warning C4244: 'inicializando': conversión de 'double' a 'float'; posible pérdida de datos
  imgui_impl_opengl3.cpp
  imgui_impl_sdl2.cpp
  imgui.cpp
  imgui_demo.cpp
  imgui_draw.cpp
  imgui_tables.cpp
  imgui_widgets.cpp
  Light.cpp
  log.cpp
  Main.cpp
C:\Program Files (x86)\Windows Kits\10\Include\10.0.19041.0\ucrt\corecrt_math_defines.h(28,1): warning C4005: 'M_PI': redefinición de macro
D:\GitHub\Red_Engine\Red_Engine\SDL\include\SDL_stdinc.h(619,1): message : vea la definición anterior de 'M_PI'
  LCG.cpp
  AABB.cpp
  Capsule.cpp
  Circle.cpp
  Cone.cpp
  Cylinder.cpp
  Frustum.cpp
  Compilando...
  Line.cpp
  LineSegment.cpp
  OBB.cpp
  Plane.cpp
  Polygon.cpp
  Polyhedron.cpp
  Ray.cpp
  Sphere.cpp
  Triangle.cpp
  TriangleMesh.cpp
  BitOps.cpp
  float2.cpp
  float3.cpp
  float3x3.cpp
  float3x4.cpp
  float4.cpp
  float4x4.cpp
  MathFunc.cpp
  MathLog.cpp
  MathOps.cpp
  Compilando...
  Polynomial.cpp
  Quat.cpp
  SSEMath.cpp
  TransformOps.cpp
  Clock.cpp
  ModuleCamera3D.cpp
C:\Program Files (x86)\Windows Kits\10\Include\10.0.19041.0\ucrt\corecrt_math_defines.h(28,1): warning C4005: 'M_PI': redefinición de macro
D:\GitHub\Red_Engine\Red_Engine\SDL\include\SDL_stdinc.h(619,1): message : vea la definición anterior de 'M_PI'
  ModuleEditor.cpp
C:\Program Files (x86)\Windows Kits\10\Include\10.0.19041.0\ucrt\corecrt_math_defines.h(28,1): warning C4005: 'M_PI': redefinición de macro
D:\GitHub\Red_Engine\Red_Engine\SDL\include\SDL_stdinc.h(619,1): message : vea la definición anterior de 'M_PI'
  ModuleInput.cpp
C:\Program Files (x86)\Windows Kits\10\Include\10.0.19041.0\ucrt\corecrt_math_defines.h(28,1): warning C4005: 'M_PI': redefinición de macro
D:\GitHub\Red_Engine\Red_Engine\SDL\include\SDL_stdinc.h(619,1): message : vea la definición anterior de 'M_PI'
  ModuleRenderer3D.cpp
C:\Program Files (x86)\Windows Kits\10\Include\10.0.19041.0\ucrt\corecrt_math_defines.h(28,1): warning C4005: 'M_PI': redefinición de macro
D:\GitHub\Red_Engine\Red_Engine\SDL\include\SDL_stdinc.h(619,1): message : vea la definición anterior de 'M_PI'
  ModuleWindow.cpp
C:\Program Files (x86)\Windows Kits\10\Include\10.0.19041.0\ucrt\corecrt_math_defines.h(28,1): warning C4005: 'M_PI': redefinición de macro
D:\GitHub\Red_Engine\Red_Engine\SDL\include\SDL_stdinc.h(619,1): message : vea la definición anterior de 'M_PI'
  Primitive.cpp
D:\GitHub\Red_Engine\Red_Engine\Primitive.cpp(177,11): warning C4244: 'inicializando': conversión de 'double' a 'float'; posible pérdida de datos
D:\GitHub\Red_Engine\Red_Engine\Primitive.cpp(187,11): warning C4244: 'inicializando': conversión de 'double' a 'float'; posible pérdida de datos
D:\GitHub\Red_Engine\Red_Engine\Primitive.cpp(196,11): warning C4244: 'inicializando': conversión de 'double' a 'float'; posible pérdida de datos
  Timer.cpp
  Generando código
  Previous IPDB not found, fall back to full compilation.
  All 3123 functions were compiled because no usable IPDB/IOBJ from previous compilation was found.
  Generación de código finalizada
  3D Physics.vcxproj -> D:\GitHub\Red_Engine\Red_Engine\Release\Red_Engine.exe
