C:\Program Files\Microsoft Visual Studio\2022\Community\MSBuild\Microsoft\VC\v170\Microsoft.CppBuild.targets(517,5): warning MSB8028: El directorio intermedio (Debug\) contiene archivos compartidos de otro proyecto (3D Physics - class5.vcxproj). Esto puede dar lugar a un comportamiento incorrecto de limpieza y recompilación.
  Application.cpp
C:\Program Files (x86)\Windows Kits\10\Include\10.0.22000.0\ucrt\corecrt_math_defines.h(28,1): warning C4005: 'M_PI': redefinición de macro
C:\Users\Luxary\Downloads\Github Projects\Red_Engine\Red_Engine\SDL\include\SDL_stdinc.h(619,1): message : vea la definición anterior de 'M_PI'
  Comp_Camera.cpp
C:\Program Files (x86)\Windows Kits\10\Include\10.0.22000.0\ucrt\corecrt_math_defines.h(28,1): warning C4005: 'M_PI': redefinición de macro
C:\Users\Luxary\Downloads\Github Projects\Red_Engine\Red_Engine\SDL\include\SDL_stdinc.h(619,1): message : vea la definición anterior de 'M_PI'
  Comp_Material.cpp
C:\Program Files (x86)\Windows Kits\10\Include\10.0.22000.0\ucrt\corecrt_math_defines.h(28,1): warning C4005: 'M_PI': redefinición de macro
C:\Users\Luxary\Downloads\Github Projects\Red_Engine\Red_Engine\SDL\include\SDL_stdinc.h(619,1): message : vea la definición anterior de 'M_PI'
  Comp_Mesh.cpp
C:\Program Files (x86)\Windows Kits\10\Include\10.0.22000.0\ucrt\corecrt_math_defines.h(28,1): warning C4005: 'M_PI': redefinición de macro
C:\Users\Luxary\Downloads\Github Projects\Red_Engine\Red_Engine\SDL\include\SDL_stdinc.h(619,1): message : vea la definición anterior de 'M_PI'
  Comp_Transform.cpp
  GameObject.cpp
C:\Program Files (x86)\Windows Kits\10\Include\10.0.22000.0\ucrt\corecrt_math_defines.h(28,1): warning C4005: 'M_PI': redefinición de macro
C:\Users\Luxary\Downloads\Github Projects\Red_Engine\Red_Engine\SDL\include\SDL_stdinc.h(619,1): message : vea la definición anterior de 'M_PI'
  log.cpp
C:\Program Files (x86)\Windows Kits\10\Include\10.0.22000.0\ucrt\corecrt_math_defines.h(28,1): warning C4005: 'M_PI': redefinición de macro
C:\Users\Luxary\Downloads\Github Projects\Red_Engine\Red_Engine\SDL\include\SDL_stdinc.h(619,1): message : vea la definición anterior de 'M_PI'
  Main.cpp
C:\Program Files (x86)\Windows Kits\10\Include\10.0.22000.0\ucrt\corecrt_math_defines.h(28,1): warning C4005: 'M_PI': redefinición de macro
C:\Users\Luxary\Downloads\Github Projects\Red_Engine\Red_Engine\SDL\include\SDL_stdinc.h(619,1): message : vea la definición anterior de 'M_PI'
  ModuleCamera3D.cpp
C:\Program Files (x86)\Windows Kits\10\Include\10.0.22000.0\ucrt\corecrt_math_defines.h(28,1): warning C4005: 'M_PI': redefinición de macro
C:\Users\Luxary\Downloads\Github Projects\Red_Engine\Red_Engine\SDL\include\SDL_stdinc.h(619,1): message : vea la definición anterior de 'M_PI'
  ModuleEditor.cpp
C:\Program Files (x86)\Windows Kits\10\Include\10.0.22000.0\ucrt\corecrt_math_defines.h(28,1): warning C4005: 'M_PI': redefinición de macro
C:\Users\Luxary\Downloads\Github Projects\Red_Engine\Red_Engine\SDL\include\SDL_stdinc.h(619,1): message : vea la definición anterior de 'M_PI'
C:\Users\Luxary\Downloads\Github Projects\Red_Engine\Red_Engine\ModuleEditor.cpp(346,60): warning C4390: ';': se encontró una instrucción controlada vacía; ¿es esa la intención?
C:\Users\Luxary\Downloads\Github Projects\Red_Engine\Red_Engine\ModuleEditor.cpp(348,60): warning C4390: ';': se encontró una instrucción controlada vacía; ¿es esa la intención?
  ModuleInput.cpp
C:\Program Files (x86)\Windows Kits\10\Include\10.0.22000.0\ucrt\corecrt_math_defines.h(28,1): warning C4005: 'M_PI': redefinición de macro
C:\Users\Luxary\Downloads\Github Projects\Red_Engine\Red_Engine\SDL\include\SDL_stdinc.h(619,1): message : vea la definición anterior de 'M_PI'
  ModuleMesh.cpp
C:\Program Files (x86)\Windows Kits\10\Include\10.0.22000.0\ucrt\corecrt_math_defines.h(28,1): warning C4005: 'M_PI': redefinición de macro
C:\Users\Luxary\Downloads\Github Projects\Red_Engine\Red_Engine\SDL\include\SDL_stdinc.h(619,1): message : vea la definición anterior de 'M_PI'
  ModuleRenderer3D.cpp
C:\Program Files (x86)\Windows Kits\10\Include\10.0.22000.0\ucrt\corecrt_math_defines.h(28,1): warning C4005: 'M_PI': redefinición de macro
C:\Users\Luxary\Downloads\Github Projects\Red_Engine\Red_Engine\SDL\include\SDL_stdinc.h(619,1): message : vea la definición anterior de 'M_PI'
  ModuleTexture.cpp
C:\Program Files (x86)\Windows Kits\10\Include\10.0.22000.0\ucrt\corecrt_math_defines.h(28,1): warning C4005: 'M_PI': redefinición de macro
C:\Users\Luxary\Downloads\Github Projects\Red_Engine\Red_Engine\SDL\include\SDL_stdinc.h(619,1): message : vea la definición anterior de 'M_PI'
  ModuleWindow.cpp
C:\Program Files (x86)\Windows Kits\10\Include\10.0.22000.0\ucrt\corecrt_math_defines.h(28,1): warning C4005: 'M_PI': redefinición de macro
C:\Users\Luxary\Downloads\Github Projects\Red_Engine\Red_Engine\SDL\include\SDL_stdinc.h(619,1): message : vea la definición anterior de 'M_PI'
  Generando código...
  3D Physics.vcxproj -> C:\Users\Luxary\Downloads\Github Projects\Red_Engine\Red_Engine\Debug\Red_Engine.exe
