d:\github\red_engine\red_engine\debug\vc143.pdb
d:\github\red_engine\red_engine\debug\vc143.idb
d:\github\red_engine\red_engine\debug\frustum.obj
d:\github\red_engine\red_engine\debug\cylinder.obj
d:\github\red_engine\red_engine\debug\cone.obj
d:\github\red_engine\red_engine\debug\circle.obj
d:\github\red_engine\red_engine\debug\capsule.obj
d:\github\red_engine\red_engine\debug\aabb.obj
d:\github\red_engine\red_engine\debug\lcg.obj
d:\github\red_engine\red_engine\debug\main.obj
d:\github\red_engine\red_engine\debug\log.obj
d:\github\red_engine\red_engine\debug\light.obj
d:\github\red_engine\red_engine\debug\imgui_widgets.obj
d:\github\red_engine\red_engine\debug\imgui_tables.obj
d:\github\red_engine\red_engine\debug\imgui_draw.obj
d:\github\red_engine\red_engine\debug\imgui_demo.obj
d:\github\red_engine\red_engine\debug\imgui.obj
d:\github\red_engine\red_engine\debug\imgui_impl_sdl2.obj
d:\github\red_engine\red_engine\debug\imgui_impl_opengl3.obj
d:\github\red_engine\red_engine\debug\glmath.obj
d:\github\red_engine\red_engine\debug\color.obj
d:\github\red_engine\red_engine\debug\application.obj
d:\github\red_engine\red_engine\debug\mathops.obj
d:\github\red_engine\red_engine\debug\mathlog.obj
d:\github\red_engine\red_engine\debug\mathfunc.obj
d:\github\red_engine\red_engine\debug\float4x4.obj
d:\github\red_engine\red_engine\debug\float4.obj
d:\github\red_engine\red_engine\debug\float3x4.obj
d:\github\red_engine\red_engine\debug\float3x3.obj
d:\github\red_engine\red_engine\debug\float3.obj
d:\github\red_engine\red_engine\debug\float2.obj
d:\github\red_engine\red_engine\debug\bitops.obj
d:\github\red_engine\red_engine\debug\trianglemesh.obj
d:\github\red_engine\red_engine\debug\triangle.obj
d:\github\red_engine\red_engine\debug\sphere.obj
d:\github\red_engine\red_engine\debug\ray.obj
d:\github\red_engine\red_engine\debug\polyhedron.obj
d:\github\red_engine\red_engine\debug\polygon.obj
d:\github\red_engine\red_engine\debug\plane.obj
d:\github\red_engine\red_engine\debug\obb.obj
d:\github\red_engine\red_engine\debug\linesegment.obj
d:\github\red_engine\red_engine\debug\line.obj
d:\github\red_engine\red_engine\debug\timer.obj
d:\github\red_engine\red_engine\debug\primitive.obj
d:\github\red_engine\red_engine\debug\modulewindow.obj
d:\github\red_engine\red_engine\debug\modulerenderer3d.obj
d:\github\red_engine\red_engine\debug\moduleinput.obj
d:\github\red_engine\red_engine\debug\modulecamera3d.obj
d:\github\red_engine\red_engine\debug\clock.obj
d:\github\red_engine\red_engine\debug\transformops.obj
d:\github\red_engine\red_engine\debug\ssemath.obj
d:\github\red_engine\red_engine\debug\quat.obj
d:\github\red_engine\red_engine\debug\polynomial.obj
d:\github\red_engine\red_engine\debug\moduleeditor.obj
d:\github\red_engine\red_engine\debug\red_engine.exe
d:\github\red_engine\red_engine\debug\red_engine.ilk
d:\github\red_engine\red_engine\debug\red_engine.pdb
d:\github\red_engine\red_engine\debug\red_engine.tlog\cl.command.1.tlog
d:\github\red_engine\red_engine\debug\red_engine.tlog\cl.items.tlog
d:\github\red_engine\red_engine\debug\red_engine.tlog\cl.read.1.tlog
d:\github\red_engine\red_engine\debug\red_engine.tlog\cl.write.1.tlog
d:\github\red_engine\red_engine\debug\red_engine.tlog\link.command.1.tlog
d:\github\red_engine\red_engine\debug\red_engine.tlog\link.read.1.tlog
d:\github\red_engine\red_engine\debug\red_engine.tlog\link.write.1.tlog
